0 info it worked if it ends with ok
1 verbose cli [ '/home/miguel/.nvm/v4.2.2/bin/node',
1 verbose cli   '/home/miguel/.nvm/v4.2.2/bin/npm',
1 verbose cli   'start' ]
2 info using npm@3.7.1
3 info using node@v4.2.2
4 verbose config Skipping project config: /home/miguel/.npmrc. (matches userconfig)
5 verbose stack Error: ENOENT: no such file or directory, open '/home/miguel/package.json'
5 verbose stack     at Error (native)
6 verbose cwd /home/miguel/ionic/book-store
7 error Linux 3.16.0-60-generic
8 error argv "/home/miguel/.nvm/v4.2.2/bin/node" "/home/miguel/.nvm/v4.2.2/bin/npm" "start"
9 error node v4.2.2
10 error npm  v3.7.1
11 error path /home/miguel/package.json
12 error code ENOENT
13 error errno -2
14 error syscall open
15 error enoent ENOENT: no such file or directory, open '/home/miguel/package.json'
16 error enoent ENOENT: no such file or directory, open '/home/miguel/package.json'
16 error enoent This is most likely not a problem with npm itself
16 error enoent and is related to npm not being able to find a file.
17 verbose exit [ -2, true ]
