0 info it worked if it ends with ok
1 verbose cli [ '/home/miguel/.nvm/v4.2.2/bin/node',
1 verbose cli   '/home/miguel/.nvm/v4.2.2/bin/npm',
1 verbose cli   'start' ]
2 info using npm@3.7.1
3 info using node@v4.2.2
4 verbose run-script [ 'prestart', 'start', 'poststart' ]
5 info lifecycle ionic-book-store@0.1.0~prestart: ionic-book-store@0.1.0
6 silly lifecycle ionic-book-store@0.1.0~prestart: no script for prestart, continuing
7 info lifecycle ionic-book-store@0.1.0~start: ionic-book-store@0.1.0
8 verbose lifecycle ionic-book-store@0.1.0~start: unsafe-perm in lifecycle true
9 verbose lifecycle ionic-book-store@0.1.0~start: PATH: /home/miguel/.nvm/v4.2.2/lib/node_modules/npm/bin/node-gyp-bin:/home/miguel/ionic/book-store/server/node_modules/.bin:/home/miguel/.nvm/v4.2.2/bin:/home/miguel/google-cloud-sdk/bin:/usr/local/heroku/bin:/home/miguel/.nvm/v4.2.2/bin:/home/miguel/.rbenv/shims:./bin:/usr/local/bin:/usr/local/sbin:/home/miguel/.dotfiles/bin:/home/miguel/google_appengine:/home/miguel/.composer/vendor/bin:/home/miguel/.rbenv/bin:/home/miguel/.rbenv/plugins/ruby-build/bin:/usr/local/heroku/bin:/home/miguel/swift2.2/swift/usr/bin:/home/miguel/Android/Sdk/platform-tools:/home/miguel/Android/Sdk/tools:/opt/genymotion:/usr/local/go/bin:/usr/local/sbin:/usr/local/bin:/usr/sbin:/usr/bin:/sbin:/bin:/usr/games:/usr/local/games
10 verbose lifecycle ionic-book-store@0.1.0~start: CWD: /home/miguel/ionic/book-store/server
11 silly lifecycle ionic-book-store@0.1.0~start: Args: [ '-c', 'node server.js' ]
12 silly lifecycle ionic-book-store@0.1.0~start: Returned: code: 1  signal: null
13 info lifecycle ionic-book-store@0.1.0~start: Failed to exec start script
14 verbose stack Error: ionic-book-store@0.1.0 start: `node server.js`
14 verbose stack Exit status 1
14 verbose stack     at EventEmitter.<anonymous> (/home/miguel/.nvm/v4.2.2/lib/node_modules/npm/lib/utils/lifecycle.js:239:16)
14 verbose stack     at emitTwo (events.js:87:13)
14 verbose stack     at EventEmitter.emit (events.js:172:7)
14 verbose stack     at ChildProcess.<anonymous> (/home/miguel/.nvm/v4.2.2/lib/node_modules/npm/lib/utils/spawn.js:24:14)
14 verbose stack     at emitTwo (events.js:87:13)
14 verbose stack     at ChildProcess.emit (events.js:172:7)
14 verbose stack     at maybeClose (internal/child_process.js:818:16)
14 verbose stack     at Process.ChildProcess._handle.onexit (internal/child_process.js:211:5)
15 verbose pkgid ionic-book-store@0.1.0
16 verbose cwd /home/miguel/ionic/book-store/server
17 error Linux 3.16.0-60-generic
18 error argv "/home/miguel/.nvm/v4.2.2/bin/node" "/home/miguel/.nvm/v4.2.2/bin/npm" "start"
19 error node v4.2.2
20 error npm  v3.7.1
21 error code ELIFECYCLE
22 error ionic-book-store@0.1.0 start: `node server.js`
22 error Exit status 1
23 error Failed at the ionic-book-store@0.1.0 start script 'node server.js'.
23 error Make sure you have the latest version of node.js and npm installed.
23 error If you do, this is most likely a problem with the ionic-book-store package,
23 error not with npm itself.
23 error Tell the author that this fails on your system:
23 error     node server.js
23 error You can get information on how to open an issue for this project with:
23 error     npm bugs ionic-book-store
23 error Or if that isn't available, you can get their info via:
23 error     npm owner ls ionic-book-store
23 error There is likely additional logging output above.
24 verbose exit [ 1, true ]
